fatal: detected dubious ownership in repository at '/home/rd/nixk/Py'
To add an exception for this directory, call:

	git config --global --add safe.directory /home/rd/nixk/Py
fatal: detected dubious ownership in repository at '/home/rd/nixk/Py'
To add an exception for this directory, call:

	git config --global --add safe.directory /home/rd/nixk/Py
fatal: detected dubious ownership in repository at '/home/rd/nixk/Py'
To add an exception for this directory, call:

	git config --global --add safe.directory /home/rd/nixk/Py
fatal: detected dubious ownership in repository at '/home/rd/nixk/Py'
To add an exception for this directory, call:

	git config --global --add safe.directory /home/rd/nixk/Py
fatal: detected dubious ownership in repository at '/home/rd/nixk/Py'
To add an exception for this directory, call:

	git config --global --add safe.directory /home/rd/nixk/Py
fatal: detected dubious ownership in repository at '/home/rd/nixk/Py'
To add an exception for this directory, call:

	git config --global --add safe.directory /home/rd/nixk/Py
[main bdc8b30] Auto commit on 2025-03-27 05:46:01
 5 files changed, 43 insertions(+), 2 deletions(-)
 delete mode 100644 aa
 delete mode 100644 ab
 create mode 100644 auto_push.log
 create mode 100755 auto_push.sh
 rename gt.sh => gt1.sh (91%)
To https://github.com/Nixk01/Py-test.git
   d12178b..bdc8b30  main -> main
[main 549bf16] Auto commit on 2025-03-27 05:47:01
 1 file changed, 9 insertions(+)
To https://github.com/Nixk01/Py-test.git
   bdc8b30..549bf16  main -> main
